2018-06-04 11:24:45 INFO  TeaDrinkBuilder:25 - Building Tea inside process
2018-06-04 11:24:45 INFO  AbstractDrinkBuilder:53 - checking underflow status
2018-06-04 11:24:45 INFO  AbstractDrinkBuilder:79 - checking underflow status completed
2018-06-04 11:24:45 INFO  AbstractDrinkBuilder:87 - updating container inside updateContainer
2018-06-04 11:24:45 INFO  AbstractDrinkBuilder:93 - container updation completed inside updateContainer
2018-06-04 11:24:45 INFO  AbstractDrinkBuilder:97 - updating report statistics inside updateReportTracker
2018-06-04 11:24:45 INFO  AbstractDrinkBuilder:114 - report updation completed inside updateReportTracker
2018-06-04 11:24:45 INFO  TeaDrinkBuilder:31 - Tea building completed inside process
2018-06-04 11:28:24 INFO  BlackTeaDrinkBuilder:26 - Building black-tea inside process
2018-06-04 11:28:24 INFO  AbstractDrinkBuilder:53 - checking underflow status
2018-06-04 11:28:24 INFO  AbstractDrinkBuilder:79 - checking underflow status completed
2018-06-04 11:28:24 INFO  AbstractDrinkBuilder:87 - updating container inside updateContainer
2018-06-04 11:28:24 INFO  AbstractDrinkBuilder:93 - container updation completed inside updateContainer
2018-06-04 11:28:24 INFO  AbstractDrinkBuilder:97 - updating report statistics inside updateReportTracker
2018-06-04 11:28:24 INFO  AbstractDrinkBuilder:114 - report updation completed inside updateReportTracker
2018-06-04 11:28:24 INFO  BlackTeaDrinkBuilder:33 - Black-Tea building completed inside process
2018-06-04 11:28:50 INFO  CoffeeDrinkBuilder:25 - Building Coffee inside process
2018-06-04 11:28:50 INFO  AbstractDrinkBuilder:53 - checking underflow status
2018-06-04 11:28:50 INFO  AbstractDrinkBuilder:79 - checking underflow status completed
2018-06-04 11:28:50 INFO  AbstractDrinkBuilder:87 - updating container inside updateContainer
2018-06-04 11:28:50 INFO  AbstractDrinkBuilder:93 - container updation completed inside updateContainer
2018-06-04 11:28:50 INFO  AbstractDrinkBuilder:97 - updating report statistics inside updateReportTracker
2018-06-04 11:28:50 INFO  AbstractDrinkBuilder:114 - report updation completed inside updateReportTracker
2018-06-04 11:28:50 INFO  CoffeeDrinkBuilder:31 - Coffee building completed inside process
2018-06-04 11:29:01 INFO  BlackCoffeeDrinkBuilder:26 - Building black-coffee inside process
2018-06-04 11:29:01 INFO  AbstractDrinkBuilder:53 - checking underflow status
2018-06-04 11:29:01 INFO  AbstractDrinkBuilder:79 - checking underflow status completed
2018-06-04 11:29:01 INFO  AbstractDrinkBuilder:87 - updating container inside updateContainer
2018-06-04 11:29:01 INFO  AbstractDrinkBuilder:93 - container updation completed inside updateContainer
2018-06-04 11:29:01 INFO  AbstractDrinkBuilder:97 - updating report statistics inside updateReportTracker
2018-06-04 11:29:01 INFO  AbstractDrinkBuilder:114 - report updation completed inside updateReportTracker
2018-06-04 11:29:01 INFO  BlackCoffeeDrinkBuilder:33 - Black-Coffee building completed inside process
2018-06-04 11:31:08 INFO  TeaDrinkBuilder:25 - Building Tea inside process
2018-06-04 11:31:08 INFO  AbstractDrinkBuilder:53 - checking underflow status
2018-06-04 11:31:08 ERROR TCVMMenu:216 - TEA Insufficient
2018-06-04 12:15:23 ERROR TCVMMenu:41 - File name should not be null
2018-06-04 12:15:23 ERROR TCVMMenu:76 - File not found
2018-06-04 12:16:00 INFO  TeaDrinkBuilder:25 - Building Tea inside process
2018-06-04 12:16:00 INFO  AbstractDrinkBuilder:53 - checking underflow status
2018-06-04 12:16:00 INFO  AbstractDrinkBuilder:79 - checking underflow status completed
2018-06-04 12:16:00 INFO  AbstractDrinkBuilder:87 - updating container inside updateContainer
2018-06-04 12:16:00 INFO  AbstractDrinkBuilder:93 - container updation completed inside updateContainer
2018-06-04 12:16:00 INFO  AbstractDrinkBuilder:97 - updating report statistics inside updateReportTracker
2018-06-04 12:16:00 INFO  AbstractDrinkBuilder:114 - report updation completed inside updateReportTracker
2018-06-04 12:16:00 INFO  TeaDrinkBuilder:31 - Tea building completed inside process
2018-06-04 12:16:00 ERROR TCVMMenu:76 - File not found
2018-06-04 12:16:23 ERROR TCVMMenu:41 - File name should not be null
2018-06-04 12:16:23 ERROR TCVMMenu:76 - File not found
2018-06-04 12:16:40 INFO  TeaDrinkBuilder:25 - Building Tea inside process
2018-06-04 12:16:40 INFO  AbstractDrinkBuilder:53 - checking underflow status
2018-06-04 12:16:40 INFO  AbstractDrinkBuilder:79 - checking underflow status completed
2018-06-04 12:16:40 INFO  AbstractDrinkBuilder:87 - updating container inside updateContainer
2018-06-04 12:16:40 INFO  AbstractDrinkBuilder:93 - container updation completed inside updateContainer
2018-06-04 12:16:40 INFO  AbstractDrinkBuilder:97 - updating report statistics inside updateReportTracker
2018-06-04 12:16:40 INFO  AbstractDrinkBuilder:114 - report updation completed inside updateReportTracker
2018-06-04 12:16:40 INFO  TeaDrinkBuilder:31 - Tea building completed inside process
2018-06-04 12:16:40 ERROR TCVMMenu:76 - File not found
2018-06-04 12:21:16 ERROR TCVMMenu:41 - File name should not be null
2018-06-04 12:21:16 ERROR TCVMMenu:76 - File not found
2018-06-04 12:49:53 ERROR OrderServiceImpl:42 - Order cannot be null
2018-06-04 12:50:21 ERROR OrderServiceImpl:42 - Order cannot be null
2018-06-04 12:55:41 ERROR OrderServiceImpl:41 - Order cannot be null
2018-06-04 12:56:14 ERROR OrderServiceImpl:41 - Order cannot be null
2018-06-04 12:56:14 ERROR OrderServiceImpl:56 - Order's list is empty
2018-06-04 12:56:29 ERROR OrderServiceImpl:56 - Order's list is empty
2018-06-04 12:56:29 ERROR OrderServiceImpl:41 - Order cannot be null
2018-06-04 12:56:29 ERROR OrderServiceImpl:56 - Order's list is empty
2018-06-04 12:57:02 ERROR OrderServiceImpl:41 - Order cannot be null
2018-06-04 12:57:02 ERROR OrderServiceImpl:56 - Order's list is empty
2018-06-04 12:58:12 ERROR OrderServiceImpl:56 - Order's list is empty
2018-06-04 12:58:12 ERROR OrderServiceImpl:41 - Order cannot be null
2018-06-04 12:58:12 ERROR OrderServiceImpl:56 - Order's list is empty
2018-06-04 13:04:27 ERROR OrderServiceImpl:56 - Order's list is empty
2018-06-04 13:04:27 ERROR OrderServiceImpl:41 - Order cannot be null
2018-06-04 13:04:27 ERROR OrderServiceImpl:56 - Order's list is empty
2018-06-04 14:57:26 ERROR OrderServiceImpl:41 - Order cannot be null
2018-06-04 14:57:26 ERROR OrderServiceImpl:56 - Order's list is empty
2018-06-04 14:57:39 ERROR ContainerServiceImpl:30 - Container Object should not be null !!
2018-06-04 15:10:03 INFO  ContainerDaoImpl:26 - getting container object inside containerdaoimpl
2018-06-04 15:10:03 INFO  ContainerDaoImpl:26 - getting container object inside containerdaoimpl
2018-06-04 15:10:03 INFO  ContainerDaoImpl:26 - getting container object inside containerdaoimpl
2018-06-04 15:23:28 INFO  ContainerDaoImpl:26 - getting container object inside containerdaoimpl
2018-06-04 15:23:28 ERROR FileUtil:57 - File Not exist in given pathsrc//main//resources//tcvmmenu//container.json
2018-06-04 15:23:28 INFO  ContainerServiceImpl:40 - inserting container inside containerserviceimpl
2018-06-04 15:23:28 INFO  FileUtil:75 - Container added successfully in src//main//resources//tcvmmenu//container.json
2018-06-04 15:23:28 INFO  ContainerDaoImpl:35 - container inserted inside containerdaoimpl
2018-06-04 15:24:20 INFO  TeaDrinkBuilder:25 - Building Tea inside process
2018-06-04 15:24:20 INFO  AbstractDrinkBuilder:53 - checking underflow status
2018-06-04 15:24:20 INFO  AbstractDrinkBuilder:79 - checking underflow status completed
2018-06-04 15:24:20 INFO  AbstractDrinkBuilder:87 - updating container inside updateContainer
2018-06-04 15:24:20 INFO  AbstractDrinkBuilder:93 - container updation completed inside updateContainer
2018-06-04 15:24:20 INFO  AbstractDrinkBuilder:97 - updating report statistics inside updateReportTracker
2018-06-04 15:24:20 INFO  AbstractDrinkBuilder:114 - report updation completed inside updateReportTracker
2018-06-04 15:24:20 INFO  TeaDrinkBuilder:31 - Tea building completed inside process
2018-06-04 15:24:20 INFO  ContainerDaoImpl:26 - getting container object inside containerdaoimpl
2018-06-04 15:24:20 INFO  FileUtil:50 - Reading file inside fileutil
2018-06-04 15:24:20 INFO  ContainerServiceImpl:35 - Updating containerlist inside containerserviceimpl
2018-06-04 15:24:20 INFO  ContainerDaoImpl:41 - Updating containerlist inside containerdaoimpl 
2018-06-04 15:24:20 INFO  FileUtil:92 - Updating Container inside fileutil
2018-06-04 15:33:05 INFO  ContainerServiceImpl:30 - inserting container inside containerserviceimpl
2018-06-04 15:33:05 INFO  FileUtil:75 - Container added successfully in src//main//resources//tcvmmenu//container.json
2018-06-04 15:33:05 INFO  ContainerDaoImpl:25 - container inserted inside containerdaoimpl
2018-06-04 15:33:20 INFO  TeaDrinkBuilder:25 - Building Tea inside process
2018-06-04 15:33:20 INFO  AbstractDrinkBuilder:53 - checking underflow status
2018-06-04 15:33:20 INFO  AbstractDrinkBuilder:79 - checking underflow status completed
2018-06-04 15:33:20 INFO  AbstractDrinkBuilder:87 - updating container inside updateContainer
2018-06-04 15:33:20 INFO  AbstractDrinkBuilder:93 - container updation completed inside updateContainer
2018-06-04 15:33:20 INFO  AbstractDrinkBuilder:97 - updating report statistics inside updateReportTracker
2018-06-04 15:33:20 INFO  AbstractDrinkBuilder:114 - report updation completed inside updateReportTracker
2018-06-04 15:33:20 INFO  TeaDrinkBuilder:31 - Tea building completed inside process
2018-06-04 15:33:20 INFO  ContainerServiceImpl:30 - inserting container inside containerserviceimpl
2018-06-04 15:33:20 INFO  FileUtil:75 - Container added successfully in src//main//resources//tcvmmenu//container.json
2018-06-04 15:33:20 INFO  ContainerDaoImpl:25 - container inserted inside containerdaoimpl
2018-06-04 15:34:09 INFO  ContainerServiceImpl:30 - inserting container inside containerserviceimpl
2018-06-04 15:34:09 INFO  FileUtil:75 - Container added successfully in src//main//resources//tcvmmenu//container.json
2018-06-04 15:34:09 INFO  ContainerDaoImpl:25 - container inserted inside containerdaoimpl
2018-06-04 15:34:16 INFO  TeaDrinkBuilder:25 - Building Tea inside process
2018-06-04 15:34:16 INFO  AbstractDrinkBuilder:53 - checking underflow status
2018-06-04 15:34:16 INFO  AbstractDrinkBuilder:79 - checking underflow status completed
2018-06-04 15:34:16 INFO  AbstractDrinkBuilder:87 - updating container inside updateContainer
2018-06-04 15:34:16 INFO  AbstractDrinkBuilder:93 - container updation completed inside updateContainer
2018-06-04 15:34:16 INFO  AbstractDrinkBuilder:97 - updating report statistics inside updateReportTracker
2018-06-04 15:34:16 INFO  AbstractDrinkBuilder:114 - report updation completed inside updateReportTracker
2018-06-04 15:34:16 INFO  TeaDrinkBuilder:31 - Tea building completed inside process
2018-06-04 15:34:16 INFO  ContainerServiceImpl:30 - inserting container inside containerserviceimpl
2018-06-04 15:34:16 INFO  FileUtil:75 - Container added successfully in src//main//resources//tcvmmenu//container.json
2018-06-04 15:34:16 INFO  ContainerDaoImpl:25 - container inserted inside containerdaoimpl
2018-06-04 15:34:48 INFO  BlackTeaDrinkBuilder:26 - Building black-tea inside process
2018-06-04 15:34:48 INFO  AbstractDrinkBuilder:53 - checking underflow status
2018-06-04 15:34:48 INFO  AbstractDrinkBuilder:79 - checking underflow status completed
2018-06-04 15:34:48 INFO  AbstractDrinkBuilder:87 - updating container inside updateContainer
2018-06-04 15:34:48 INFO  AbstractDrinkBuilder:93 - container updation completed inside updateContainer
2018-06-04 15:34:48 INFO  AbstractDrinkBuilder:97 - updating report statistics inside updateReportTracker
2018-06-04 15:34:48 INFO  AbstractDrinkBuilder:114 - report updation completed inside updateReportTracker
2018-06-04 15:34:48 INFO  BlackTeaDrinkBuilder:33 - Black-Tea building completed inside process
2018-06-04 15:34:48 INFO  ContainerServiceImpl:30 - inserting container inside containerserviceimpl
2018-06-04 15:34:48 INFO  FileUtil:75 - Container added successfully in src//main//resources//tcvmmenu//container.json
2018-06-04 15:34:48 INFO  ContainerDaoImpl:25 - container inserted inside containerdaoimpl
2018-06-04 15:34:56 INFO  CoffeeDrinkBuilder:25 - Building Coffee inside process
2018-06-04 15:34:56 INFO  AbstractDrinkBuilder:53 - checking underflow status
2018-06-04 15:34:56 INFO  AbstractDrinkBuilder:79 - checking underflow status completed
2018-06-04 15:34:56 INFO  AbstractDrinkBuilder:87 - updating container inside updateContainer
2018-06-04 15:34:56 INFO  AbstractDrinkBuilder:93 - container updation completed inside updateContainer
2018-06-04 15:34:56 INFO  AbstractDrinkBuilder:97 - updating report statistics inside updateReportTracker
2018-06-04 15:34:56 INFO  AbstractDrinkBuilder:114 - report updation completed inside updateReportTracker
2018-06-04 15:34:56 INFO  CoffeeDrinkBuilder:31 - Coffee building completed inside process
2018-06-04 15:34:56 INFO  ContainerServiceImpl:30 - inserting container inside containerserviceimpl
2018-06-04 15:34:56 INFO  FileUtil:75 - Container added successfully in src//main//resources//tcvmmenu//container.json
2018-06-04 15:34:56 INFO  ContainerDaoImpl:25 - container inserted inside containerdaoimpl
2018-06-04 16:51:41 INFO  ContainerServiceImpl:30 - inserting container inside containerserviceimpl
2018-06-04 16:51:41 INFO  FileUtil:75 - Container added successfully in src//main//resources//tcvmmenu//container.json
2018-06-04 16:51:41 INFO  ContainerDaoImpl:25 - container inserted inside containerdaoimpl
2018-06-04 16:52:03 INFO  TeaDrinkBuilder:28 - Building Tea inside process
2018-06-04 16:52:03 INFO  AbstractDrinkBuilder:65 - checking underflow status
2018-06-04 16:52:03 INFO  AbstractDrinkBuilder:91 - checking underflow status completed
2018-06-04 16:52:03 INFO  AbstractDrinkBuilder:99 - updating container inside updateContainer
2018-06-04 16:52:03 INFO  AbstractDrinkBuilder:105 - container updation completed inside updateContainer
2018-06-04 16:52:03 INFO  AbstractDrinkBuilder:109 - updating report statistics inside updateReportTracker
2018-06-04 16:52:03 INFO  AbstractDrinkBuilder:126 - report updation completed inside updateReportTracker
2018-06-04 16:52:03 INFO  OrderDaoImpl:26 - getting Order object inside orderdaoimpl
2018-06-04 16:52:03 ERROR FileUtil:101 - File Not exist in given pathsrc//main//resources//tcvmmenu//order.json
2018-06-04 16:52:03 INFO  OrderServiceImpl:46 - inserting order inside orderserviceimpl
2018-06-04 16:52:03 INFO  FileUtil:119 - Order placed successfully in src//main//resources//tcvmmenu//order.json
2018-06-04 16:52:03 INFO  OrderDaoImpl:34 - order inserted inside orderdaoimpl
2018-06-04 16:52:03 INFO  TeaDrinkBuilder:34 - Tea building completed inside process
2018-06-04 16:52:03 INFO  ContainerServiceImpl:30 - inserting container inside containerserviceimpl
2018-06-04 16:52:03 INFO  FileUtil:75 - Container added successfully in src//main//resources//tcvmmenu//container.json
2018-06-04 16:52:03 INFO  ContainerDaoImpl:25 - container inserted inside containerdaoimpl
2018-06-04 16:52:35 INFO  BlackTeaDrinkBuilder:29 - Building black-tea inside process
2018-06-04 16:52:35 INFO  AbstractDrinkBuilder:65 - checking underflow status
2018-06-04 16:52:35 INFO  AbstractDrinkBuilder:91 - checking underflow status completed
2018-06-04 16:52:35 INFO  AbstractDrinkBuilder:99 - updating container inside updateContainer
2018-06-04 16:52:35 INFO  AbstractDrinkBuilder:105 - container updation completed inside updateContainer
2018-06-04 16:52:35 INFO  AbstractDrinkBuilder:109 - updating report statistics inside updateReportTracker
2018-06-04 16:52:35 INFO  AbstractDrinkBuilder:126 - report updation completed inside updateReportTracker
2018-06-04 16:52:35 INFO  OrderDaoImpl:26 - getting Order object inside orderdaoimpl
2018-06-04 16:52:35 INFO  OrderServiceImpl:41 - Updating Orderlist inside orderserviceimpl
2018-06-04 16:52:35 INFO  OrderDaoImpl:40 - Updating orderList inside orderdaoimpl 
2018-06-04 16:52:35 INFO  FileUtil:133 - Updating order inside fileutil
2018-06-04 16:52:35 INFO  BlackTeaDrinkBuilder:36 - Black-Tea building completed inside process
2018-06-04 16:52:35 INFO  ContainerServiceImpl:30 - inserting container inside containerserviceimpl
2018-06-04 16:52:35 INFO  FileUtil:75 - Container added successfully in src//main//resources//tcvmmenu//container.json
2018-06-04 16:52:35 INFO  ContainerDaoImpl:25 - container inserted inside containerdaoimpl
2018-06-04 16:53:15 INFO  BlackCoffeeDrinkBuilder:29 - Building black-coffee inside process
2018-06-04 16:53:15 INFO  AbstractDrinkBuilder:65 - checking underflow status
2018-06-04 16:53:15 INFO  AbstractDrinkBuilder:91 - checking underflow status completed
2018-06-04 16:53:15 INFO  AbstractDrinkBuilder:99 - updating container inside updateContainer
2018-06-04 16:53:15 INFO  AbstractDrinkBuilder:105 - container updation completed inside updateContainer
2018-06-04 16:53:15 INFO  AbstractDrinkBuilder:109 - updating report statistics inside updateReportTracker
2018-06-04 16:53:15 INFO  AbstractDrinkBuilder:126 - report updation completed inside updateReportTracker
2018-06-04 16:53:15 INFO  OrderDaoImpl:26 - getting Order object inside orderdaoimpl
2018-06-04 16:53:15 INFO  OrderServiceImpl:41 - Updating Orderlist inside orderserviceimpl
2018-06-04 16:53:15 INFO  OrderDaoImpl:40 - Updating orderList inside orderdaoimpl 
2018-06-04 16:53:15 INFO  FileUtil:133 - Updating order inside fileutil
2018-06-04 16:53:15 INFO  BlackCoffeeDrinkBuilder:36 - Black-Coffee building completed inside process
2018-06-04 16:53:15 INFO  ContainerServiceImpl:30 - inserting container inside containerserviceimpl
2018-06-04 16:53:15 INFO  FileUtil:75 - Container added successfully in src//main//resources//tcvmmenu//container.json
2018-06-04 16:53:15 INFO  ContainerDaoImpl:25 - container inserted inside containerdaoimpl
2018-06-04 17:02:10 ERROR ContainerServiceImpl:27 - Container Object should not be null !!
2018-06-04 17:04:23 INFO  OrderServiceImpl:46 - inserting order inside orderserviceimpl
2018-06-04 17:04:23 ERROR OrderServiceImpl:36 - Order Object should not be null !!
2018-06-04 17:06:08 INFO  OrderDaoImpl:26 - getting Order object inside orderdaoimpl
2018-06-04 17:06:08 INFO  OrderDaoImpl:26 - getting Order object inside orderdaoimpl
2018-06-04 17:06:08 INFO  OrderDaoImpl:26 - getting Order object inside orderdaoimpl
2018-06-04 17:16:52 INFO  ContainerServiceImpl:30 - inserting container inside containerserviceimpl
2018-06-04 17:16:52 INFO  FileUtil:75 - Container added successfully in src//main//resources//tcvmmenu//container.json
2018-06-04 17:16:52 INFO  ContainerDaoImpl:25 - container inserted inside containerdaoimpl
2018-06-04 17:17:14 INFO  ContainerServiceImpl:30 - inserting container inside containerserviceimpl
2018-06-04 17:17:14 INFO  FileUtil:75 - Container added successfully in src//main//resources//tcvmmenu//container.json
2018-06-04 17:17:14 INFO  ContainerDaoImpl:25 - container inserted inside containerdaoimpl
2018-06-04 17:17:45 INFO  TeaDrinkBuilder:28 - Building Tea inside process
2018-06-04 17:17:45 INFO  AbstractDrinkBuilder:65 - checking underflow status
2018-06-04 17:17:45 INFO  AbstractDrinkBuilder:91 - checking underflow status completed
2018-06-04 17:17:45 INFO  AbstractDrinkBuilder:99 - updating container inside updateContainer
2018-06-04 17:17:45 INFO  AbstractDrinkBuilder:105 - container updation completed inside updateContainer
2018-06-04 17:17:45 INFO  AbstractDrinkBuilder:109 - updating report statistics inside updateReportTracker
2018-06-04 17:17:45 INFO  AbstractDrinkBuilder:126 - report updation completed inside updateReportTracker
2018-06-04 17:17:45 INFO  OrderDaoImpl:26 - getting Order object inside orderdaoimpl
2018-06-04 17:17:45 INFO  OrderServiceImpl:33 - Updating Orderlist inside orderserviceimpl
2018-06-04 17:17:45 INFO  OrderDaoImpl:40 - Updating orderList inside orderdaoimpl 
2018-06-04 17:17:45 INFO  FileUtil:133 - Updating order inside fileutil
2018-06-04 17:17:45 INFO  TeaDrinkBuilder:34 - Tea building completed inside process
2018-06-04 17:17:45 INFO  ContainerServiceImpl:30 - inserting container inside containerserviceimpl
2018-06-04 17:17:45 INFO  FileUtil:75 - Container added successfully in src//main//resources//tcvmmenu//container.json
2018-06-04 17:17:45 INFO  ContainerDaoImpl:25 - container inserted inside containerdaoimpl
2018-06-04 17:18:10 INFO  TeaDrinkBuilder:28 - Building Tea inside process
2018-06-04 17:18:10 INFO  AbstractDrinkBuilder:65 - checking underflow status
2018-06-04 17:18:10 INFO  AbstractDrinkBuilder:91 - checking underflow status completed
2018-06-04 17:18:10 INFO  AbstractDrinkBuilder:99 - updating container inside updateContainer
2018-06-04 17:18:10 INFO  AbstractDrinkBuilder:105 - container updation completed inside updateContainer
2018-06-04 17:18:10 INFO  AbstractDrinkBuilder:109 - updating report statistics inside updateReportTracker
2018-06-04 17:18:10 INFO  AbstractDrinkBuilder:126 - report updation completed inside updateReportTracker
2018-06-04 17:18:10 INFO  OrderDaoImpl:26 - getting Order object inside orderdaoimpl
2018-06-04 17:18:10 INFO  OrderServiceImpl:38 - inserting order inside orderserviceimpl
2018-06-04 17:18:10 INFO  FileUtil:119 - Order placed successfully in src//main//resources//tcvmmenu//order.json
2018-06-04 17:18:10 INFO  OrderDaoImpl:34 - order inserted inside orderdaoimpl
2018-06-04 17:18:10 INFO  TeaDrinkBuilder:34 - Tea building completed inside process
2018-06-04 17:18:10 INFO  ContainerServiceImpl:30 - inserting container inside containerserviceimpl
2018-06-04 17:18:10 INFO  FileUtil:75 - Container added successfully in src//main//resources//tcvmmenu//container.json
2018-06-04 17:18:10 INFO  ContainerDaoImpl:25 - container inserted inside containerdaoimpl
2018-06-04 17:18:56 INFO  CoffeeDrinkBuilder:28 - Building Coffee inside process
2018-06-04 17:18:56 INFO  AbstractDrinkBuilder:65 - checking underflow status
2018-06-04 17:18:56 INFO  AbstractDrinkBuilder:91 - checking underflow status completed
2018-06-04 17:18:56 INFO  AbstractDrinkBuilder:99 - updating container inside updateContainer
2018-06-04 17:18:56 INFO  AbstractDrinkBuilder:105 - container updation completed inside updateContainer
2018-06-04 17:18:56 INFO  AbstractDrinkBuilder:109 - updating report statistics inside updateReportTracker
2018-06-04 17:18:56 INFO  AbstractDrinkBuilder:126 - report updation completed inside updateReportTracker
2018-06-04 17:18:56 INFO  OrderDaoImpl:26 - getting Order object inside orderdaoimpl
2018-06-04 17:18:56 INFO  OrderServiceImpl:33 - Updating Orderlist inside orderserviceimpl
2018-06-04 17:18:56 INFO  OrderDaoImpl:40 - Updating orderList inside orderdaoimpl 
2018-06-04 17:18:56 INFO  FileUtil:133 - Updating order inside fileutil
2018-06-04 17:18:56 INFO  CoffeeDrinkBuilder:34 - Coffee building completed inside process
2018-06-04 17:18:56 INFO  ContainerServiceImpl:30 - inserting container inside containerserviceimpl
2018-06-04 17:18:56 INFO  FileUtil:75 - Container added successfully in src//main//resources//tcvmmenu//container.json
2018-06-04 17:18:56 INFO  ContainerDaoImpl:25 - container inserted inside containerdaoimpl
2018-06-04 17:20:16 INFO  ContainerServiceImpl:30 - inserting container inside containerserviceimpl
2018-06-04 17:20:16 INFO  FileUtil:75 - Container added successfully in src//main//resources//tcvmmenu//container.json
2018-06-04 17:20:16 INFO  ContainerDaoImpl:25 - container inserted inside containerdaoimpl
2018-06-04 17:20:43 INFO  TeaDrinkBuilder:28 - Building Tea inside process
2018-06-04 17:20:43 INFO  AbstractDrinkBuilder:65 - checking underflow status
2018-06-04 17:20:43 INFO  AbstractDrinkBuilder:91 - checking underflow status completed
2018-06-04 17:20:43 INFO  AbstractDrinkBuilder:99 - updating container inside updateContainer
2018-06-04 17:20:43 INFO  AbstractDrinkBuilder:105 - container updation completed inside updateContainer
2018-06-04 17:20:43 INFO  AbstractDrinkBuilder:109 - updating report statistics inside updateReportTracker
2018-06-04 17:20:43 INFO  AbstractDrinkBuilder:126 - report updation completed inside updateReportTracker
2018-06-04 17:20:43 INFO  OrderDaoImpl:26 - getting Order object inside orderdaoimpl
2018-06-04 17:20:43 ERROR FileUtil:101 - File Not exist in given pathsrc//main//resources//tcvmmenu//order.json
2018-06-04 17:20:43 INFO  OrderServiceImpl:38 - inserting order inside orderserviceimpl
2018-06-04 17:20:43 INFO  FileUtil:119 - Order placed successfully in src//main//resources//tcvmmenu//order.json
2018-06-04 17:20:43 INFO  OrderDaoImpl:34 - order inserted inside orderdaoimpl
2018-06-04 17:20:43 INFO  TeaDrinkBuilder:34 - Tea building completed inside process
2018-06-04 17:20:43 INFO  ContainerServiceImpl:30 - inserting container inside containerserviceimpl
2018-06-04 17:20:43 INFO  FileUtil:75 - Container added successfully in src//main//resources//tcvmmenu//container.json
2018-06-04 17:20:43 INFO  ContainerDaoImpl:25 - container inserted inside containerdaoimpl
2018-06-04 17:20:58 INFO  BlackCoffeeDrinkBuilder:29 - Building black-coffee inside process
2018-06-04 17:20:58 INFO  AbstractDrinkBuilder:65 - checking underflow status
2018-06-04 17:20:58 INFO  AbstractDrinkBuilder:91 - checking underflow status completed
2018-06-04 17:20:58 INFO  AbstractDrinkBuilder:99 - updating container inside updateContainer
2018-06-04 17:20:58 INFO  AbstractDrinkBuilder:105 - container updation completed inside updateContainer
2018-06-04 17:20:58 INFO  AbstractDrinkBuilder:109 - updating report statistics inside updateReportTracker
2018-06-04 17:20:58 INFO  AbstractDrinkBuilder:126 - report updation completed inside updateReportTracker
2018-06-04 17:20:58 INFO  OrderDaoImpl:26 - getting Order object inside orderdaoimpl
2018-06-04 17:20:58 INFO  OrderServiceImpl:33 - Updating Orderlist inside orderserviceimpl
2018-06-04 17:20:58 INFO  OrderDaoImpl:40 - Updating orderList inside orderdaoimpl 
2018-06-04 17:20:58 INFO  FileUtil:133 - Updating order inside fileutil
2018-06-04 17:20:58 INFO  BlackCoffeeDrinkBuilder:36 - Black-Coffee building completed inside process
2018-06-04 17:20:58 INFO  ContainerServiceImpl:30 - inserting container inside containerserviceimpl
2018-06-04 17:20:58 INFO  FileUtil:75 - Container added successfully in src//main//resources//tcvmmenu//container.json
2018-06-04 17:20:58 INFO  ContainerDaoImpl:25 - container inserted inside containerdaoimpl
2018-06-04 17:21:34 INFO  ContainerServiceImpl:30 - inserting container inside containerserviceimpl
2018-06-04 17:21:34 INFO  FileUtil:75 - Container added successfully in src//main//resources//tcvmmenu//container.json
2018-06-04 17:21:34 INFO  ContainerDaoImpl:25 - container inserted inside containerdaoimpl
2018-06-04 17:21:34 INFO  ContainerServiceImpl:30 - inserting container inside containerserviceimpl
2018-06-04 17:21:34 INFO  FileUtil:75 - Container added successfully in src//main//resources//tcvmmenu//container.json
2018-06-04 17:21:34 INFO  ContainerDaoImpl:25 - container inserted inside containerdaoimpl
